# JRE version: OpenJDK Runtime Environment (8.0_212-b04) (build 1.8.0_212-release-1586-b04)
# Java VM: OpenJDK 64-Bit Server VM (25.212-b04 mixed mode windows-amd64 compressed oops)
Heap:
 PSYoungGen      total 134656K, used 23840K [0x00000000e0000000, 0x00000000ea880000, 0x0000000100000000)
  eden space 122368K, 10% used [0x00000000e0000000,0x00000000e0c14a20,0x00000000e7780000)
  from space 12288K, 93% used [0x00000000e7780000,0x00000000e82b3768,0x00000000e8380000)
  to   space 13824K, 0% used [0x00000000e9b00000,0x00000000e9b00000,0x00000000ea880000)
 ParOldGen       total 81408K, used 35417K [0x00000000a0000000, 0x00000000a4f80000, 0x00000000e0000000)
  object space 81408K, 43% used [0x00000000a0000000,0x00000000a2296750,0x00000000a4f80000)
 Metaspace       used 62864K, capacity 65154K, committed 65320K, reserved 1105920K
  class space    used 8663K, capacity 9183K, committed 9264K, reserved 1048576K
GC Heap History (10 events):
Event: 30.046 GC heap before
{Heap before GC invocations=20 (full 2):
 PSYoungGen      total 92160K, used 92153K [0x00000000e0000000, 0x00000000e7600000, 0x0000000100000000)
  eden space 84480K, 100% used [0x00000000e0000000,0x00000000e5280000,0x00000000e5280000)
  from space 7680K, 99% used [0x00000000e5280000,0x00000000e59fe5c0,0x00000000e5a00000)
  to   space 10240K, 0% used [0x00000000e6c00000,0x00000000e6c00000,0x00000000e7600000)
 ParOldGen       total 49664K, used 24335K [0x00000000a0000000, 0x00000000a3080000, 0x00000000e0000000)
  object space 49664K, 49% used [0x00000000a0000000,0x00000000a17c3ed0,0x00000000a3080000)
 Metaspace       used 51215K, capacity 52692K, committed 52904K, reserved 1095680K
  class space    used 6920K, capacity 7330K, committed 7344K, reserved 1048576K
Event: 30.059 GC heap after
Heap after GC invocations=20 (full 2):
 PSYoungGen      total 110080K, used 7880K [0x00000000e0000000, 0x00000000e7980000, 0x0000000100000000)
  eden space 99840K, 0% used [0x00000000e0000000,0x00000000e0000000,0x00000000e6180000)
  from space 10240K, 76% used [0x00000000e6c00000,0x00000000e73b2250,0x00000000e7600000)
  to   space 10752K, 0% used [0x00000000e6180000,0x00000000e6180000,0x00000000e6c00000)
 ParOldGen       total 49664K, used 29950K [0x00000000a0000000, 0x00000000a3080000, 0x00000000e0000000)
  object space 49664K, 60% used [0x00000000a0000000,0x00000000a1d3f9f8,0x00000000a3080000)
 Metaspace       used 51215K, capacity 52692K, committed 52904K, reserved 1095680K
  class space    used 6920K, capacity 7330K, committed 7344K, reserved 1048576K
}
Event: 32.864 GC heap before
{Heap before GC invocations=21 (full 2):
 PSYoungGen      total 110080K, used 107720K [0x00000000e0000000, 0x00000000e7980000, 0x0000000100000000)
  eden space 99840K, 100% used [0x00000000e0000000,0x00000000e6180000,0x00000000e6180000)
  from space 10240K, 76% used [0x00000000e6c00000,0x00000000e73b2250,0x00000000e7600000)
  to   space 10752K, 0% used [0x00000000e6180000,0x00000000e6180000,0x00000000e6c00000)
 ParOldGen       total 49664K, used 29950K [0x00000000a0000000, 0x00000000a3080000, 0x00000000e0000000)
  object space 49664K, 60% used [0x00000000a0000000,0x00000000a1d3f9f8,0x00000000a3080000)
 Metaspace       used 56034K, capacity 57810K, committed 58024K, reserved 1099776K
  class space    used 7634K, capacity 8112K, committed 8112K, reserved 1048576K
Event: 32.889 GC heap after
Heap after GC invocations=21 (full 2):
 PSYoungGen      total 110592K, used 10105K [0x00000000e0000000, 0x00000000e8f80000, 0x0000000100000000)
  eden space 99840K, 0% used [0x00000000e0000000,0x00000000e0000000,0x00000000e6180000)
  from space 10752K, 93% used [0x00000000e6180000,0x00000000e6b5e758,0x00000000e6c00000)
  to   space 12288K, 0% used [0x00000000e8380000,0x00000000e8380000,0x00000000e8f80000)
 ParOldGen       total 49664K, used 33792K [0x00000000a0000000, 0x00000000a3080000, 0x00000000e0000000)
  object space 49664K, 68% used [0x00000000a0000000,0x00000000a2100238,0x00000000a3080000)
 Metaspace       used 56034K, capacity 57810K, committed 58024K, reserved 1099776K
  class space    used 7634K, capacity 8112K, committed 8112K, reserved 1048576K
}
Event: 33.225 GC heap before
{Heap before GC invocations=22 (full 2):
 PSYoungGen      total 110592K, used 28417K [0x00000000e0000000, 0x00000000e8f80000, 0x0000000100000000)
  eden space 99840K, 18% used [0x00000000e0000000,0x00000000e11e1d30,0x00000000e6180000)
  from space 10752K, 93% used [0x00000000e6180000,0x00000000e6b5e758,0x00000000e6c00000)
  to   space 12288K, 0% used [0x00000000e8380000,0x00000000e8380000,0x00000000e8f80000)
 ParOldGen       total 49664K, used 33792K [0x00000000a0000000, 0x00000000a3080000, 0x00000000e0000000)
  object space 49664K, 68% used [0x00000000a0000000,0x00000000a2100238,0x00000000a3080000)
 Metaspace       used 57198K, capacity 59022K, committed 59160K, reserved 1099776K
  class space    used 7801K, capacity 8280K, committed 8368K, reserved 1048576K
Event: 33.237 GC heap after
Heap after GC invocations=22 (full 2):
 PSYoungGen      total 134656K, used 1886K [0x00000000e0000000, 0x00000000e9500000, 0x0000000100000000)
  eden space 122368K, 0% used [0x00000000e0000000,0x00000000e0000000,0x00000000e7780000)
  from space 12288K, 15% used [0x00000000e8380000,0x00000000e8557ad0,0x00000000e8f80000)
  to   space 12288K, 0% used [0x00000000e7780000,0x00000000e7780000,0x00000000e8380000)
 ParOldGen       total 49664K, used 40723K [0x00000000a0000000, 0x00000000a3080000, 0x00000000e0000000)
  object space 49664K, 81% used [0x00000000a0000000,0x00000000a27c4f10,0x00000000a3080000)
 Metaspace       used 57198K, capacity 59022K, committed 59160K, reserved 1099776K
  class space    used 7801K, capacity 8280K, committed 8368K, reserved 1048576K
}
Event: 33.237 GC heap before
{Heap before GC invocations=23 (full 3):
 PSYoungGen      total 134656K, used 1886K [0x00000000e0000000, 0x00000000e9500000, 0x0000000100000000)
  eden space 122368K, 0% used [0x00000000e0000000,0x00000000e0000000,0x00000000e7780000)
  from space 12288K, 15% used [0x00000000e8380000,0x00000000e8557ad0,0x00000000e8f80000)
  to   space 12288K, 0% used [0x00000000e7780000,0x00000000e7780000,0x00000000e8380000)
 ParOldGen       total 49664K, used 40723K [0x00000000a0000000, 0x00000000a3080000, 0x00000000e0000000)
  object space 49664K, 81% used [0x00000000a0000000,0x00000000a27c4f10,0x00000000a3080000)
 Metaspace       used 57198K, capacity 59022K, committed 59160K, reserved 1099776K
  class space    used 7801K, capacity 8280K, committed 8368K, reserved 1048576K
Event: 33.538 GC heap after
Heap after GC invocations=23 (full 3):
 PSYoungGen      total 134656K, used 0K [0x00000000e0000000, 0x00000000e9500000, 0x0000000100000000)
  eden space 122368K, 0% used [0x00000000e0000000,0x00000000e0000000,0x00000000e7780000)
  from space 12288K, 0% used [0x00000000e8380000,0x00000000e8380000,0x00000000e8f80000)
  to   space 12288K, 0% used [0x00000000e7780000,0x00000000e7780000,0x00000000e8380000)
 ParOldGen       total 81408K, used 35409K [0x00000000a0000000, 0x00000000a4f80000, 0x00000000e0000000)
  object space 81408K, 43% used [0x00000000a0000000,0x00000000a2294750,0x00000000a4f80000)
 Metaspace       used 57198K, capacity 59022K, committed 59160K, reserved 1099776K
  class space    used 7801K, capacity 8280K, committed 8368K, reserved 1048576K
}
Event: 38.162 GC heap before
{Heap before GC invocations=24 (full 3):
 PSYoungGen      total 134656K, used 122368K [0x00000000e0000000, 0x00000000e9500000, 0x0000000100000000)
  eden space 122368K, 100% used [0x00000000e0000000,0x00000000e7780000,0x00000000e7780000)
  from space 12288K, 0% used [0x00000000e8380000,0x00000000e8380000,0x00000000e8f80000)
  to   space 12288K, 0% used [0x00000000e7780000,0x00000000e7780000,0x00000000e8380000)
 ParOldGen       total 81408K, used 35409K [0x00000000a0000000, 0x00000000a4f80000, 0x00000000e0000000)
  object space 81408K, 43% used [0x00000000a0000000,0x00000000a2294750,0x00000000a4f80000)
 Metaspace       used 62620K, capacity 64832K, committed 65064K, reserved 1105920K
  class space    used 8622K, capacity 9142K, committed 9264K, reserved 1048576K
Event: 38.176 GC heap after
Heap after GC invocations=24 (full 3):
 PSYoungGen      total 134656K, used 11469K [0x00000000e0000000, 0x00000000ea880000, 0x0000000100000000)
  eden space 122368K, 0% used [0x00000000e0000000,0x00000000e0000000,0x00000000e7780000)
  from space 12288K, 93% used [0x00000000e7780000,0x00000000e82b3768,0x00000000e8380000)
  to   space 13824K, 0% used [0x00000000e9b00000,0x00000000e9b00000,0x00000000ea880000)
 ParOldGen       total 81408K, used 35417K [0x00000000a0000000, 0x00000000a4f80000, 0x00000000e0000000)
  object space 81408K, 43% used [0x00000000a0000000,0x00000000a2296750,0x00000000a4f80000)
 Metaspace       used 62620K, capacity 64832K, committed 65064K, reserved 1105920K
  class space    used 8622K, capacity 9142K, committed 9264K, reserved 1048576K
}

