# JRE version: OpenJDK Runtime Environment (8.0_212-b04) (build 1.8.0_212-release-1586-b04)
# Java VM: OpenJDK 64-Bit Server VM (25.212-b04 mixed mode windows-amd64 compressed oops)
Heap:
 PSYoungGen      total 166400K, used 134693K [0x00000000e0000000, 0x00000000ee000000, 0x0000000100000000)
  eden space 146944K, 91% used [0x00000000e0000000,0x00000000e83894a8,0x00000000e8f80000)
  from space 19456K, 0% used [0x00000000e8f80000,0x00000000e8f80000,0x00000000ea280000)
  to   space 23552K, 0% used [0x00000000ec900000,0x00000000ec900000,0x00000000ee000000)
 ParOldGen       total 99840K, used 37293K [0x00000000a0000000, 0x00000000a6180000, 0x00000000e0000000)
  object space 99840K, 37% used [0x00000000a0000000,0x00000000a246b790,0x00000000a6180000)
 Metaspace       used 62868K, capacity 65154K, committed 65320K, reserved 1105920K
  class space    used 8665K, capacity 9215K, committed 9264K, reserved 1048576K
GC Heap History (10 events):
Event: 6.337 GC heap before
{Heap before GC invocations=12 (full 2):
 PSYoungGen      total 133120K, used 9202K [0x00000000e0000000, 0x00000000eb100000, 0x0000000100000000)
  eden space 123904K, 0% used [0x00000000e0000000,0x00000000e0000000,0x00000000e7900000)
  from space 9216K, 99% used [0x00000000e8580000,0x00000000e8e7c950,0x00000000e8e80000)
  to   space 12800K, 0% used [0x00000000e7900000,0x00000000e7900000,0x00000000e8580000)
 ParOldGen       total 40448K, used 12174K [0x00000000a0000000, 0x00000000a2780000, 0x00000000e0000000)
  object space 40448K, 30% used [0x00000000a0000000,0x00000000a0be3a78,0x00000000a2780000)
 Metaspace       used 34577K, capacity 35402K, committed 35496K, reserved 1079296K
  class space    used 4713K, capacity 4949K, committed 5040K, reserved 1048576K
Event: 6.440 GC heap after
Heap after GC invocations=12 (full 2):
 PSYoungGen      total 133120K, used 0K [0x00000000e0000000, 0x00000000eb100000, 0x0000000100000000)
  eden space 123904K, 0% used [0x00000000e0000000,0x00000000e0000000,0x00000000e7900000)
  from space 9216K, 0% used [0x00000000e8580000,0x00000000e8580000,0x00000000e8e80000)
  to   space 12800K, 0% used [0x00000000e7900000,0x00000000e7900000,0x00000000e8580000)
 ParOldGen       total 60416K, used 16348K [0x00000000a0000000, 0x00000000a3b00000, 0x00000000e0000000)
  object space 60416K, 27% used [0x00000000a0000000,0x00000000a0ff7210,0x00000000a3b00000)
 Metaspace       used 34573K, capacity 35390K, committed 35496K, reserved 1079296K
  class space    used 4712K, capacity 4947K, committed 5040K, reserved 1048576K
}
Event: 7.970 GC heap before
{Heap before GC invocations=13 (full 2):
 PSYoungGen      total 133120K, used 123904K [0x00000000e0000000, 0x00000000eb100000, 0x0000000100000000)
  eden space 123904K, 100% used [0x00000000e0000000,0x00000000e7900000,0x00000000e7900000)
  from space 9216K, 0% used [0x00000000e8580000,0x00000000e8580000,0x00000000e8e80000)
  to   space 12800K, 0% used [0x00000000e7900000,0x00000000e7900000,0x00000000e8580000)
 ParOldGen       total 60416K, used 16348K [0x00000000a0000000, 0x00000000a3b00000, 0x00000000e0000000)
  object space 60416K, 27% used [0x00000000a0000000,0x00000000a0ff7210,0x00000000a3b00000)
 Metaspace       used 45751K, capacity 46870K, committed 47144K, reserved 1089536K
  class space    used 6102K, capacity 6402K, committed 6448K, reserved 1048576K
Event: 7.984 GC heap after
Heap after GC invocations=13 (full 2):
 PSYoungGen      total 136704K, used 12777K [0x00000000e0000000, 0x00000000eb180000, 0x0000000100000000)
  eden space 123904K, 0% used [0x00000000e0000000,0x00000000e0000000,0x00000000e7900000)
  from space 12800K, 99% used [0x00000000e7900000,0x00000000e857a748,0x00000000e8580000)
  to   space 15360K, 0% used [0x00000000ea280000,0x00000000ea280000,0x00000000eb180000)
 ParOldGen       total 60416K, used 18630K [0x00000000a0000000, 0x00000000a3b00000, 0x00000000e0000000)
  object space 60416K, 30% used [0x00000000a0000000,0x00000000a12319a8,0x00000000a3b00000)
 Metaspace       used 45751K, capacity 46870K, committed 47144K, reserved 1089536K
  class space    used 6102K, capacity 6402K, committed 6448K, reserved 1048576K
}
Event: 9.492 GC heap before
{Heap before GC invocations=14 (full 2):
 PSYoungGen      total 136704K, used 136681K [0x00000000e0000000, 0x00000000eb180000, 0x0000000100000000)
  eden space 123904K, 100% used [0x00000000e0000000,0x00000000e7900000,0x00000000e7900000)
  from space 12800K, 99% used [0x00000000e7900000,0x00000000e857a748,0x00000000e8580000)
  to   space 15360K, 0% used [0x00000000ea280000,0x00000000ea280000,0x00000000eb180000)
 ParOldGen       total 60416K, used 18630K [0x00000000a0000000, 0x00000000a3b00000, 0x00000000e0000000)
  object space 60416K, 30% used [0x00000000a0000000,0x00000000a12319a8,0x00000000a3b00000)
 Metaspace       used 52624K, capacity 54134K, committed 54184K, reserved 1095680K
  class space    used 7160K, capacity 7559K, committed 7600K, reserved 1048576K
Event: 9.524 GC heap after
Heap after GC invocations=14 (full 2):
 PSYoungGen      total 162304K, used 15330K [0x00000000e0000000, 0x00000000ebb80000, 0x0000000100000000)
  eden space 146944K, 0% used [0x00000000e0000000,0x00000000e0000000,0x00000000e8f80000)
  from space 15360K, 99% used [0x00000000ea280000,0x00000000eb178be0,0x00000000eb180000)
  to   space 19456K, 0% used [0x00000000e8f80000,0x00000000e8f80000,0x00000000ea280000)
 ParOldGen       total 60416K, used 22537K [0x00000000a0000000, 0x00000000a3b00000, 0x00000000e0000000)
  object space 60416K, 37% used [0x00000000a0000000,0x00000000a1602688,0x00000000a3b00000)
 Metaspace       used 52624K, capacity 54134K, committed 54184K, reserved 1095680K
  class space    used 7160K, capacity 7559K, committed 7600K, reserved 1048576K
}
Event: 11.223 GC heap before
{Heap before GC invocations=15 (full 2):
 PSYoungGen      total 162304K, used 120818K [0x00000000e0000000, 0x00000000ebb80000, 0x0000000100000000)
  eden space 146944K, 71% used [0x00000000e0000000,0x00000000e6703d80,0x00000000e8f80000)
  from space 15360K, 99% used [0x00000000ea280000,0x00000000eb178be0,0x00000000eb180000)
  to   space 19456K, 0% used [0x00000000e8f80000,0x00000000e8f80000,0x00000000ea280000)
 ParOldGen       total 60416K, used 22537K [0x00000000a0000000, 0x00000000a3b00000, 0x00000000e0000000)
  object space 60416K, 37% used [0x00000000a0000000,0x00000000a1602688,0x00000000a3b00000)
 Metaspace       used 57235K, capacity 59030K, committed 59160K, reserved 1099776K
  class space    used 7803K, capacity 8280K, committed 8368K, reserved 1048576K
Event: 11.254 GC heap after
Heap after GC invocations=15 (full 2):
 PSYoungGen      total 166400K, used 19435K [0x00000000e0000000, 0x00000000ee000000, 0x0000000100000000)
  eden space 146944K, 0% used [0x00000000e0000000,0x00000000e0000000,0x00000000e8f80000)
  from space 19456K, 99% used [0x00000000e8f80000,0x00000000ea27add8,0x00000000ea280000)
  to   space 23552K, 0% used [0x00000000ec900000,0x00000000ec900000,0x00000000ee000000)
 ParOldGen       total 60416K, used 26339K [0x00000000a0000000, 0x00000000a3b00000, 0x00000000e0000000)
  object space 60416K, 43% used [0x00000000a0000000,0x00000000a19b8d88,0x00000000a3b00000)
 Metaspace       used 57235K, capacity 59030K, committed 59160K, reserved 1099776K
  class space    used 7803K, capacity 8280K, committed 8368K, reserved 1048576K
}
Event: 11.254 GC heap before
{Heap before GC invocations=16 (full 3):
 PSYoungGen      total 166400K, used 19435K [0x00000000e0000000, 0x00000000ee000000, 0x0000000100000000)
  eden space 146944K, 0% used [0x00000000e0000000,0x00000000e0000000,0x00000000e8f80000)
  from space 19456K, 99% used [0x00000000e8f80000,0x00000000ea27add8,0x00000000ea280000)
  to   space 23552K, 0% used [0x00000000ec900000,0x00000000ec900000,0x00000000ee000000)
 ParOldGen       total 60416K, used 26339K [0x00000000a0000000, 0x00000000a3b00000, 0x00000000e0000000)
  object space 60416K, 43% used [0x00000000a0000000,0x00000000a19b8d88,0x00000000a3b00000)
 Metaspace       used 57235K, capacity 59030K, committed 59160K, reserved 1099776K
  class space    used 7803K, capacity 8280K, committed 8368K, reserved 1048576K
Event: 11.544 GC heap after
Heap after GC invocations=16 (full 3):
 PSYoungGen      total 166400K, used 0K [0x00000000e0000000, 0x00000000ee000000, 0x0000000100000000)
  eden space 146944K, 0% used [0x00000000e0000000,0x00000000e0000000,0x00000000e8f80000)
  from space 19456K, 0% used [0x00000000e8f80000,0x00000000e8f80000,0x00000000ea280000)
  to   space 23552K, 0% used [0x00000000ec900000,0x00000000ec900000,0x00000000ee000000)
 ParOldGen       total 99840K, used 37293K [0x00000000a0000000, 0x00000000a6180000, 0x00000000e0000000)
  object space 99840K, 37% used [0x00000000a0000000,0x00000000a246b790,0x00000000a6180000)
 Metaspace       used 57235K, capacity 59030K, committed 59160K, reserved 1099776K
  class space    used 7803K, capacity 8280K, committed 8368K, reserved 1048576K
}

