# JRE version: OpenJDK Runtime Environment (8.0_212-b04) (build 1.8.0_212-release-1586-b04)
# Java VM: OpenJDK 64-Bit Server VM (25.212-b04 mixed mode windows-amd64 compressed oops)
Heap:
 PSYoungGen      total 166912K, used 133222K [0x00000000e0000000, 0x00000000ee680000, 0x0000000100000000)
  eden space 147456K, 90% used [0x00000000e0000000,0x00000000e8219ab0,0x00000000e9000000)
  from space 19456K, 0% used [0x00000000e9000000,0x00000000e9000000,0x00000000ea300000)
  to   space 24064K, 0% used [0x00000000ecf00000,0x00000000ecf00000,0x00000000ee680000)
 ParOldGen       total 98304K, used 37481K [0x00000000a0000000, 0x00000000a6000000, 0x00000000e0000000)
  object space 98304K, 38% used [0x00000000a0000000,0x00000000a249a538,0x00000000a6000000)
 Metaspace       used 62918K, capacity 65284K, committed 65576K, reserved 1105920K
  class space    used 8667K, capacity 9203K, committed 9264K, reserved 1048576K
GC Heap History (10 events):
Event: 6.399 GC heap before
{Heap before GC invocations=12 (full 2):
 PSYoungGen      total 134656K, used 9597K [0x00000000e0000000, 0x00000000eb380000, 0x0000000100000000)
  eden space 123904K, 0% used [0x00000000e0000000,0x00000000e0000000,0x00000000e7900000)
  from space 10752K, 89% used [0x00000000e8580000,0x00000000e8edf550,0x00000000e9000000)
  to   space 12800K, 0% used [0x00000000e7900000,0x00000000e7900000,0x00000000e8580000)
 ParOldGen       total 40448K, used 11815K [0x00000000a0000000, 0x00000000a2780000, 0x00000000e0000000)
  object space 40448K, 29% used [0x00000000a0000000,0x00000000a0b89f40,0x00000000a2780000)
 Metaspace       used 34558K, capacity 35390K, committed 35496K, reserved 1079296K
  class space    used 4706K, capacity 4947K, committed 5040K, reserved 1048576K
Event: 6.498 GC heap after
Heap after GC invocations=12 (full 2):
 PSYoungGen      total 134656K, used 0K [0x00000000e0000000, 0x00000000eb380000, 0x0000000100000000)
  eden space 123904K, 0% used [0x00000000e0000000,0x00000000e0000000,0x00000000e7900000)
  from space 10752K, 0% used [0x00000000e8580000,0x00000000e8580000,0x00000000e9000000)
  to   space 12800K, 0% used [0x00000000e7900000,0x00000000e7900000,0x00000000e8580000)
 ParOldGen       total 60416K, used 16350K [0x00000000a0000000, 0x00000000a3b00000, 0x00000000e0000000)
  object space 60416K, 27% used [0x00000000a0000000,0x00000000a0ff7980,0x00000000a3b00000)
 Metaspace       used 34558K, capacity 35390K, committed 35496K, reserved 1079296K
  class space    used 4706K, capacity 4947K, committed 5040K, reserved 1048576K
}
Event: 8.421 GC heap before
{Heap before GC invocations=13 (full 2):
 PSYoungGen      total 134656K, used 123904K [0x00000000e0000000, 0x00000000eb380000, 0x0000000100000000)
  eden space 123904K, 100% used [0x00000000e0000000,0x00000000e7900000,0x00000000e7900000)
  from space 10752K, 0% used [0x00000000e8580000,0x00000000e8580000,0x00000000e9000000)
  to   space 12800K, 0% used [0x00000000e7900000,0x00000000e7900000,0x00000000e8580000)
 ParOldGen       total 60416K, used 16350K [0x00000000a0000000, 0x00000000a3b00000, 0x00000000e0000000)
  object space 60416K, 27% used [0x00000000a0000000,0x00000000a0ff7980,0x00000000a3b00000)
 Metaspace       used 45823K, capacity 46888K, committed 47144K, reserved 1089536K
  class space    used 6113K, capacity 6408K, committed 6448K, reserved 1048576K
Event: 8.439 GC heap after
Heap after GC invocations=13 (full 2):
 PSYoungGen      total 136704K, used 12775K [0x00000000e0000000, 0x00000000eb280000, 0x0000000100000000)
  eden space 123904K, 0% used [0x00000000e0000000,0x00000000e0000000,0x00000000e7900000)
  from space 12800K, 99% used [0x00000000e7900000,0x00000000e8579cd0,0x00000000e8580000)
  to   space 15872K, 0% used [0x00000000ea300000,0x00000000ea300000,0x00000000eb280000)
 ParOldGen       total 60416K, used 18770K [0x00000000a0000000, 0x00000000a3b00000, 0x00000000e0000000)
  object space 60416K, 31% used [0x00000000a0000000,0x00000000a1254a58,0x00000000a3b00000)
 Metaspace       used 45823K, capacity 46888K, committed 47144K, reserved 1089536K
  class space    used 6113K, capacity 6408K, committed 6448K, reserved 1048576K
}
Event: 10.601 GC heap before
{Heap before GC invocations=14 (full 2):
 PSYoungGen      total 136704K, used 136679K [0x00000000e0000000, 0x00000000eb280000, 0x0000000100000000)
  eden space 123904K, 100% used [0x00000000e0000000,0x00000000e7900000,0x00000000e7900000)
  from space 12800K, 99% used [0x00000000e7900000,0x00000000e8579cd0,0x00000000e8580000)
  to   space 15872K, 0% used [0x00000000ea300000,0x00000000ea300000,0x00000000eb280000)
 ParOldGen       total 60416K, used 18770K [0x00000000a0000000, 0x00000000a3b00000, 0x00000000e0000000)
  object space 60416K, 31% used [0x00000000a0000000,0x00000000a1254a58,0x00000000a3b00000)
 Metaspace       used 52650K, capacity 54300K, committed 54440K, reserved 1095680K
  class space    used 7160K, capacity 7593K, committed 7600K, reserved 1048576K
Event: 10.640 GC heap after
Heap after GC invocations=14 (full 2):
 PSYoungGen      total 163328K, used 15858K [0x00000000e0000000, 0x00000000ebb80000, 0x0000000100000000)
  eden space 147456K, 0% used [0x00000000e0000000,0x00000000e0000000,0x00000000e9000000)
  from space 15872K, 99% used [0x00000000ea300000,0x00000000eb27ca28,0x00000000eb280000)
  to   space 19456K, 0% used [0x00000000e9000000,0x00000000e9000000,0x00000000ea300000)
 ParOldGen       total 60416K, used 22033K [0x00000000a0000000, 0x00000000a3b00000, 0x00000000e0000000)
  object space 60416K, 36% used [0x00000000a0000000,0x00000000a1584400,0x00000000a3b00000)
 Metaspace       used 52650K, capacity 54300K, committed 54440K, reserved 1095680K
  class space    used 7160K, capacity 7593K, committed 7600K, reserved 1048576K
}
Event: 12.130 GC heap before
{Heap before GC invocations=15 (full 2):
 PSYoungGen      total 163328K, used 122458K [0x00000000e0000000, 0x00000000ebb80000, 0x0000000100000000)
  eden space 147456K, 72% used [0x00000000e0000000,0x00000000e6819df0,0x00000000e9000000)
  from space 15872K, 99% used [0x00000000ea300000,0x00000000eb27ca28,0x00000000eb280000)
  to   space 19456K, 0% used [0x00000000e9000000,0x00000000e9000000,0x00000000ea300000)
 ParOldGen       total 60416K, used 22033K [0x00000000a0000000, 0x00000000a3b00000, 0x00000000e0000000)
  object space 60416K, 36% used [0x00000000a0000000,0x00000000a1584400,0x00000000a3b00000)
 Metaspace       used 57323K, capacity 59082K, committed 59160K, reserved 1099776K
  class space    used 7817K, capacity 8317K, committed 8368K, reserved 1048576K
Event: 12.180 GC heap after
Heap after GC invocations=15 (full 2):
 PSYoungGen      total 166912K, used 19435K [0x00000000e0000000, 0x00000000ee680000, 0x0000000100000000)
  eden space 147456K, 0% used [0x00000000e0000000,0x00000000e0000000,0x00000000e9000000)
  from space 19456K, 99% used [0x00000000e9000000,0x00000000ea2fadc8,0x00000000ea300000)
  to   space 24064K, 0% used [0x00000000ecf00000,0x00000000ecf00000,0x00000000ee680000)
 ParOldGen       total 60416K, used 26063K [0x00000000a0000000, 0x00000000a3b00000, 0x00000000e0000000)
  object space 60416K, 43% used [0x00000000a0000000,0x00000000a1973d60,0x00000000a3b00000)
 Metaspace       used 57323K, capacity 59082K, committed 59160K, reserved 1099776K
  class space    used 7817K, capacity 8317K, committed 8368K, reserved 1048576K
}
Event: 12.180 GC heap before
{Heap before GC invocations=16 (full 3):
 PSYoungGen      total 166912K, used 19435K [0x00000000e0000000, 0x00000000ee680000, 0x0000000100000000)
  eden space 147456K, 0% used [0x00000000e0000000,0x00000000e0000000,0x00000000e9000000)
  from space 19456K, 99% used [0x00000000e9000000,0x00000000ea2fadc8,0x00000000ea300000)
  to   space 24064K, 0% used [0x00000000ecf00000,0x00000000ecf00000,0x00000000ee680000)
 ParOldGen       total 60416K, used 26063K [0x00000000a0000000, 0x00000000a3b00000, 0x00000000e0000000)
  object space 60416K, 43% used [0x00000000a0000000,0x00000000a1973d60,0x00000000a3b00000)
 Metaspace       used 57323K, capacity 59082K, committed 59160K, reserved 1099776K
  class space    used 7817K, capacity 8317K, committed 8368K, reserved 1048576K
Event: 12.497 GC heap after
Heap after GC invocations=16 (full 3):
 PSYoungGen      total 166912K, used 0K [0x00000000e0000000, 0x00000000ee680000, 0x0000000100000000)
  eden space 147456K, 0% used [0x00000000e0000000,0x00000000e0000000,0x00000000e9000000)
  from space 19456K, 0% used [0x00000000e9000000,0x00000000e9000000,0x00000000ea300000)
  to   space 24064K, 0% used [0x00000000ecf00000,0x00000000ecf00000,0x00000000ee680000)
 ParOldGen       total 98304K, used 37481K [0x00000000a0000000, 0x00000000a6000000, 0x00000000e0000000)
  object space 98304K, 38% used [0x00000000a0000000,0x00000000a249a538,0x00000000a6000000)
 Metaspace       used 57323K, capacity 59082K, committed 59160K, reserved 1099776K
  class space    used 7817K, capacity 8317K, committed 8368K, reserved 1048576K
}

